<?xml version="1.0" encoding="UTF-8"?>
<!-- Generated by org.testng.reporters.JUnitXMLReporter -->
<testsuite hostname="DESKTOP-LB46SUQ" name="Test" tests="1" failures="0" timestamp="20 May 2019 03:47:10 GMT" time="0.022" errors="0">
  <testcase name="@BeforeClass setup" time="0.0" classname="com.inetbanking.testcase.TC_loginTest_001">
    <failure type="org.testng.TestNGException" message="
Parameter &amp;apos;browser&amp;apos; is required by @Configuration on method setup but has not been marked @Optional or defined
in C:\HYBRID FRAMEWORK\netbankingv1\Tc_001.xml">
      <![CDATA[org.testng.TestNGException: 
Parameter 'browser' is required by @Configuration on method setup but has not been marked @Optional or defined
in C:\HYBRID FRAMEWORK\netbankingv1\Tc_001.xml
... Removed 21 stack frames]]>
    </failure>
  </testcase> <!-- @BeforeClass setup -->
  <testcase name="@AfterClass tearDown" time="0.0" classname="com.inetbanking.testcase.TC_loginTest_001">
    <skipped/>
  </testcase> <!-- @AfterClass tearDown -->
  <testcase name="loginTest" time="0.004" classname="com.inetbanking.testcase.TC_loginTest_001">
    <skipped/>
  </testcase> <!-- loginTest -->
</testsuite> <!-- Test -->
